2025-12-17 02:58:47,760 | INFO | AuditLogger | [system_event] pipeline - session_started on session
2025-12-17 02:58:47,957 | INFO | AuditLogger | [data_upload] pipeline - load_real_data on data/raw/adult.csv
2025-12-17 03:00:01,159 | INFO | AuditLogger | [system_event] pipeline - session_started on session
2025-12-17 03:00:01,280 | INFO | AuditLogger | [data_upload] pipeline - load_real_data on data/raw/adult.csv
2025-12-17 03:09:32,645 | ERROR | AuditLogger | [error] pipeline - error_occurred on error
2025-12-17 03:11:22,605 | INFO | AuditLogger | [system_event] pipeline - session_started on session
2025-12-17 03:11:22,846 | INFO | AuditLogger | [data_upload] pipeline - load_real_data on data/raw/adult.csv
2025-12-17 03:21:13,638 | INFO | AuditLogger | [data_generation] pipeline - generate_synthetic_data on synthetic_dataset
2025-12-17 03:21:15,000 | ERROR | AuditLogger | [error] pipeline - error_occurred on error
2025-12-17 03:26:16,654 | INFO | AuditLogger | [system_event] pipeline - session_started on session
2025-12-17 03:26:16,773 | INFO | AuditLogger | [data_upload] pipeline - load_real_data on data/raw/adult.csv
2025-12-17 03:50:17,941 | INFO | AuditLogger | [data_generation] pipeline - generate_synthetic_data on synthetic_dataset
2025-12-17 03:50:19,536 | INFO | AuditLogger | [privacy_verification] pipeline - verify_privacy on verification_result
2025-12-17 03:50:21,434 | INFO | AuditLogger | [utility_verification] pipeline - verify_utility on verification_result
2025-12-17 03:50:21,456 | ERROR | AuditLogger | [error] pipeline - error_occurred on error
2025-12-17 03:50:55,482 | INFO | AuditLogger | [system_event] pipeline - session_started on session
2025-12-17 03:50:55,636 | INFO | AuditLogger | [data_upload] pipeline - load_real_data on data/raw/adult.csv
2025-12-17 06:25:49,909 | INFO | AuditLogger | [data_generation] pipeline - generate_synthetic_data on synthetic_dataset
2025-12-17 06:25:51,284 | INFO | AuditLogger | [privacy_verification] pipeline - verify_privacy on verification_result
2025-12-17 06:25:52,992 | INFO | AuditLogger | [utility_verification] pipeline - verify_utility on verification_result
2025-12-17 06:25:54,644 | INFO | AuditLogger | [bias_detection] pipeline - verify_bias on verification_result
2025-12-17 06:25:54,769 | ERROR | AuditLogger | [error] pipeline - error_occurred on error
2025-12-17 06:28:22,133 | INFO | AuditLogger | [system_event] pipeline - session_started on session
2025-12-17 06:28:22,308 | INFO | AuditLogger | [data_upload] pipeline - load_real_data on data/raw/adult.csv
2025-12-17 06:37:04,212 | INFO | AuditLogger | [data_generation] pipeline - generate_synthetic_data on synthetic_dataset
2025-12-17 06:37:05,390 | INFO | AuditLogger | [privacy_verification] pipeline - verify_privacy on verification_result
2025-12-17 06:37:07,009 | INFO | AuditLogger | [utility_verification] pipeline - verify_utility on verification_result
2025-12-17 06:37:08,591 | INFO | AuditLogger | [bias_detection] pipeline - verify_bias on verification_result
2025-12-17 06:37:08,701 | INFO | AuditLogger | [consensus_result] pipeline - consensus_reached on consensus_record
2025-12-17 06:37:08,840 | ERROR | AuditLogger | [error] pipeline - error_occurred on error
2025-12-17 06:38:12,880 | INFO | AuditLogger | [system_event] pipeline - session_started on session
2025-12-17 06:38:13,110 | INFO | AuditLogger | [data_upload] pipeline - load_real_data on data/raw/adult.csv
2025-12-17 06:46:01,909 | INFO | AuditLogger | [data_generation] pipeline - generate_synthetic_data on synthetic_dataset
2025-12-17 06:46:03,252 | INFO | AuditLogger | [privacy_verification] pipeline - verify_privacy on verification_result
2025-12-17 06:46:05,016 | INFO | AuditLogger | [utility_verification] pipeline - verify_utility on verification_result
2025-12-17 06:46:06,722 | INFO | AuditLogger | [bias_detection] pipeline - verify_bias on verification_result
2025-12-17 06:46:06,933 | INFO | AuditLogger | [consensus_result] pipeline - consensus_reached on consensus_record
2025-12-17 06:46:07,300 | ERROR | AuditLogger | [error] pipeline - error_occurred on error
2025-12-17 06:50:54,779 | INFO | AuditLogger | [system_event] pipeline - session_started on session
2025-12-17 06:50:55,063 | INFO | AuditLogger | [data_upload] pipeline - load_real_data on data/raw/adult.csv
2025-12-17 06:58:46,361 | INFO | AuditLogger | [data_generation] pipeline - generate_synthetic_data on synthetic_dataset
2025-12-17 06:58:47,847 | INFO | AuditLogger | [privacy_verification] pipeline - verify_privacy on verification_result
2025-12-17 06:58:49,424 | INFO | AuditLogger | [utility_verification] pipeline - verify_utility on verification_result
2025-12-17 06:58:51,042 | INFO | AuditLogger | [bias_detection] pipeline - verify_bias on verification_result
2025-12-17 06:58:51,255 | INFO | AuditLogger | [consensus_result] pipeline - consensus_reached on consensus_record
2025-12-17 06:58:51,618 | INFO | AuditLogger | [system_event] pipeline - session_ended on session
2025-12-17 06:59:58,256 | INFO | AuditLogger | [system_event] pipeline - session_started on session
2025-12-17 06:59:58,638 | INFO | AuditLogger | [data_upload] pipeline - load_real_data on data/raw/adult.csv
2025-12-17 06:59:59,665 | INFO | AuditLogger | [data_generation] pipeline - generate_synthetic_data on synthetic_dataset
2025-12-17 07:00:01,140 | INFO | AuditLogger | [privacy_verification] pipeline - verify_privacy on verification_result
2025-12-17 07:00:02,994 | INFO | AuditLogger | [utility_verification] pipeline - verify_utility on verification_result
2025-12-17 07:00:04,742 | INFO | AuditLogger | [bias_detection] pipeline - verify_bias on verification_result
2025-12-17 07:00:05,046 | INFO | AuditLogger | [consensus_result] pipeline - consensus_reached on consensus_record
2025-12-17 07:00:05,524 | INFO | AuditLogger | [system_event] pipeline - session_ended on session
2025-12-17 07:02:46,744 | INFO | AuditLogger | [system_event] pipeline - session_started on session
2025-12-17 07:02:47,148 | INFO | AuditLogger | [data_upload] pipeline - load_real_data on data/raw/adult.csv
2025-12-17 07:10:30,555 | INFO | AuditLogger | [data_generation] pipeline - generate_synthetic_data on synthetic_dataset
2025-12-17 07:10:32,180 | INFO | AuditLogger | [privacy_verification] pipeline - verify_privacy on verification_result
2025-12-17 07:10:33,928 | INFO | AuditLogger | [utility_verification] pipeline - verify_utility on verification_result
2025-12-17 07:10:35,628 | INFO | AuditLogger | [bias_detection] pipeline - verify_bias on verification_result
2025-12-17 07:10:35,970 | INFO | AuditLogger | [consensus_result] pipeline - consensus_reached on consensus_record
2025-12-17 07:10:36,485 | INFO | AuditLogger | [system_event] pipeline - session_ended on session
2025-12-17 07:11:10,584 | INFO | AuditLogger | [system_event] pipeline - session_started on session
2025-12-17 07:11:11,180 | INFO | AuditLogger | [data_upload] pipeline - load_real_data on data/raw/adult.csv
2025-12-17 07:11:12,447 | INFO | AuditLogger | [data_generation] pipeline - generate_synthetic_data on synthetic_dataset
2025-12-17 07:11:14,204 | INFO | AuditLogger | [privacy_verification] pipeline - verify_privacy on verification_result
2025-12-17 07:11:16,453 | INFO | AuditLogger | [utility_verification] pipeline - verify_utility on verification_result
2025-12-17 07:11:18,546 | INFO | AuditLogger | [bias_detection] pipeline - verify_bias on verification_result
2025-12-17 07:11:18,990 | INFO | AuditLogger | [consensus_result] pipeline - consensus_reached on consensus_record
2025-12-17 07:11:19,644 | INFO | AuditLogger | [system_event] pipeline - session_ended on session
2025-12-17 10:55:16,862 | INFO | AuditLogger | [system_event] pipeline - session_started on session
2025-12-17 10:55:17,695 | INFO | AuditLogger | [data_upload] pipeline - load_real_data on data/raw/adult.csv
2025-12-17 10:55:20,491 | INFO | AuditLogger | [data_generation] pipeline - generate_synthetic_data on synthetic_dataset
2025-12-17 10:55:22,862 | INFO | AuditLogger | [privacy_verification] pipeline - verify_privacy on verification_result
2025-12-17 10:55:25,713 | INFO | AuditLogger | [utility_verification] pipeline - verify_utility on verification_result
2025-12-17 10:55:28,180 | INFO | AuditLogger | [bias_detection] pipeline - verify_bias on verification_result
2025-12-17 10:55:28,924 | INFO | AuditLogger | [consensus_result] pipeline - consensus_reached on consensus_record
2025-12-17 10:55:30,001 | INFO | AuditLogger | [system_event] pipeline - session_ended on session
2025-12-17 10:56:01,132 | INFO | AuditLogger | [system_event] pipeline - session_started on session
2025-12-17 10:56:02,036 | INFO | AuditLogger | [data_upload] pipeline - load_real_data on data/raw/adult.csv
2025-12-17 10:56:03,883 | INFO | AuditLogger | [data_generation] pipeline - generate_synthetic_data on synthetic_dataset
2025-12-17 10:56:06,245 | INFO | AuditLogger | [privacy_verification] pipeline - verify_privacy on verification_result
2025-12-17 10:56:09,044 | INFO | AuditLogger | [utility_verification] pipeline - verify_utility on verification_result
2025-12-17 10:56:11,511 | INFO | AuditLogger | [bias_detection] pipeline - verify_bias on verification_result
2025-12-17 10:56:12,211 | INFO | AuditLogger | [consensus_result] pipeline - consensus_reached on consensus_record
2025-12-17 10:56:13,283 | INFO | AuditLogger | [system_event] pipeline - session_ended on session
2025-12-17 10:56:28,819 | INFO | AuditLogger | [system_event] pipeline - session_started on session
2025-12-17 10:56:29,643 | INFO | AuditLogger | [data_upload] pipeline - load_real_data on data/raw/adult.csv
2025-12-17 10:56:31,236 | INFO | AuditLogger | [data_generation] pipeline - generate_synthetic_data on synthetic_dataset
2025-12-17 10:56:33,339 | INFO | AuditLogger | [privacy_verification] pipeline - verify_privacy on verification_result
2025-12-17 10:56:35,888 | INFO | AuditLogger | [utility_verification] pipeline - verify_utility on verification_result
2025-12-17 13:43:01,653 | INFO | AuditLogger | [system_event] pipeline - session_started on session
2025-12-17 13:43:02,365 | INFO | AuditLogger | [data_upload] pipeline - load_real_data on data/raw/adult.csv
2025-12-17 13:43:03,991 | INFO | AuditLogger | [data_generation] pipeline - generate_synthetic_data on synthetic_dataset
2025-12-17 13:43:05,967 | INFO | AuditLogger | [privacy_verification] pipeline - verify_privacy on verification_result
2025-12-17 13:43:08,384 | INFO | AuditLogger | [utility_verification] pipeline - verify_utility on verification_result
2025-12-17 13:43:10,689 | INFO | AuditLogger | [bias_detection] pipeline - verify_bias on verification_result
2025-12-17 13:43:11,279 | INFO | AuditLogger | [consensus_result] pipeline - consensus_reached on consensus_record
2025-12-17 13:43:12,090 | INFO | AuditLogger | [system_event] pipeline - session_ended on session
2025-12-17 14:42:18,087 | INFO | AuditLogger | [system_event] pipeline - session_started on session
2025-12-17 14:42:19,437 | INFO | AuditLogger | [data_upload] pipeline - load_real_data on data/raw/adult.csv
2025-12-17 14:42:21,987 | INFO | AuditLogger | [data_generation] pipeline - generate_synthetic_data on synthetic_dataset
2025-12-17 14:42:50,656 | INFO | AuditLogger | [system_event] pipeline - session_started on session
2025-12-17 14:42:51,404 | INFO | AuditLogger | [data_upload] pipeline - load_real_data on data/raw/adult.csv
2025-12-17 14:42:52,927 | INFO | AuditLogger | [data_generation] pipeline - generate_synthetic_data on synthetic_dataset
2025-12-17 14:42:54,620 | INFO | AuditLogger | [privacy_verification] pipeline - verify_privacy on verification_result
2025-12-17 14:42:56,868 | INFO | AuditLogger | [utility_verification] pipeline - verify_utility on verification_result
2025-12-17 14:43:00,891 | INFO | AuditLogger | [bias_detection] pipeline - verify_bias on verification_result
2025-12-17 14:43:01,694 | INFO | AuditLogger | [consensus_result] pipeline - consensus_reached on consensus_record
2025-12-17 14:43:02,832 | INFO | AuditLogger | [system_event] pipeline - session_ended on session
2025-12-17 14:43:36,922 | INFO | AuditLogger | [system_event] pipeline - session_started on session
2025-12-17 14:43:38,280 | INFO | AuditLogger | [data_upload] pipeline - load_real_data on data/raw/adult.csv
2025-12-17 14:43:40,268 | INFO | AuditLogger | [data_generation] pipeline - generate_synthetic_data on synthetic_dataset
2025-12-17 14:43:42,410 | INFO | AuditLogger | [privacy_verification] pipeline - verify_privacy on verification_result
2025-12-17 14:43:54,684 | INFO | AuditLogger | [utility_verification] pipeline - verify_utility on verification_result
2025-12-17 14:43:57,833 | INFO | AuditLogger | [bias_detection] pipeline - verify_bias on verification_result
2025-12-17 14:44:00,937 | INFO | AuditLogger | [consensus_result] pipeline - consensus_reached on consensus_record
2025-12-17 14:44:10,257 | INFO | AuditLogger | [system_event] pipeline - session_ended on session
